<?xml version="1.0" encoding="UTF-8"?>
<!-- Generated by org.testng.reporters.JUnitReportReporter -->
<testsuite hostname="idea-PC" name="testcases.VerifyLoginPage" tests="1" failures="0" timestamp="21 Jul 2016 05:03:04 GMT" time="25.221" errors="0">
  <testcase name="testHomePage" time="25.221" classname="testcases.VerifyLoginPage"/>
</testsuite> <!-- testcases.VerifyLoginPage -->
