<?xml version="1.0" encoding="UTF-8"?>
<!-- Generated by org.testng.reporters.JUnitReportReporter -->
<testsuite hostname="idea-PC" name="testcases.VerifyLoginPageWithReports" tests="1" failures="0" timestamp="21 Jul 2016 05:26:23 GMT" time="44.502" errors="0">
  <testcase name="testHomePage" time="44.502" classname="testcases.VerifyLoginPageWithReports"/>
</testsuite> <!-- testcases.VerifyLoginPageWithReports -->
